<?xml version="1.0" encoding="UTF-8"?>
<testsuite name="regalowl.simpledatalib.CommonFunctionsTest" tests="5" skipped="0" failures="0" errors="0" timestamp="2025-12-28T00:50:45.293Z" hostname="LP7760-W1XMP6G3" time="0.015">
  <properties/>
  <testcase name="testHashMapSerialization" classname="regalowl.simpledatalib.CommonFunctionsTest" time="0.008"/>
  <testcase name="testIntMapSerialization" classname="regalowl.simpledatalib.CommonFunctionsTest" time="0.001"/>
  <testcase name="testArrayListSerialization" classname="regalowl.simpledatalib.CommonFunctionsTest" time="0.004"/>
  <testcase name="testIntArrayListSerialization" classname="regalowl.simpledatalib.CommonFunctionsTest" time="0.0"/>
  <testcase name="testGetNestingLevel" classname="regalowl.simpledatalib.CommonFunctionsTest" time="0.001"/>
  <system-out><![CDATA[[, 1, two, , four, ]
]]></system-out>
  <system-err><![CDATA[]]></system-err>
</testsuite>
